0 info it worked if it ends with ok
1 verbose cli [ '/usr/local/bin/node',
1 verbose cli   '/usr/local/bin/npm',
1 verbose cli   'run',
1 verbose cli   'dev-start' ]
2 info using npm@3.10.10
3 info using node@v6.9.3
4 verbose run-script [ 'predev-start', 'dev-start', 'postdev-start' ]
5 info lifecycle box-node-express-skeleton-app@1.0.0~predev-start: box-node-express-skeleton-app@1.0.0
6 silly lifecycle box-node-express-skeleton-app@1.0.0~predev-start: no script for predev-start, continuing
7 info lifecycle box-node-express-skeleton-app@1.0.0~dev-start: box-node-express-skeleton-app@1.0.0
8 verbose lifecycle box-node-express-skeleton-app@1.0.0~dev-start: unsafe-perm in lifecycle true
9 verbose lifecycle box-node-express-skeleton-app@1.0.0~dev-start: PATH: /usr/local/lib/node_modules/npm/bin/node-gyp-bin:/Users/mmitchell/Development/box-industries-skeleton/node_modules/.bin:/Users/mmitchell/.rvm/gems/ruby-2.2.1/bin:/Users/mmitchell/.rvm/gems/ruby-2.2.1@global/bin:/Users/mmitchell/.rvm/rubies/ruby-2.2.1/bin:/usr/local/bin:/usr/bin:/bin:/usr/sbin:/sbin:/Users/mmitchell/.rvm/bin
10 verbose lifecycle box-node-express-skeleton-app@1.0.0~dev-start: CWD: /Users/mmitchell/Development/box-industries-skeleton
11 silly lifecycle box-node-express-skeleton-app@1.0.0~dev-start: Args: [ '-c', 'gulp develop' ]
12 silly lifecycle box-node-express-skeleton-app@1.0.0~dev-start: Returned: code: 1  signal: null
13 info lifecycle box-node-express-skeleton-app@1.0.0~dev-start: Failed to exec dev-start script
14 verbose stack Error: box-node-express-skeleton-app@1.0.0 dev-start: `gulp develop`
14 verbose stack Exit status 1
14 verbose stack     at EventEmitter.<anonymous> (/usr/local/lib/node_modules/npm/lib/utils/lifecycle.js:255:16)
14 verbose stack     at emitTwo (events.js:106:13)
14 verbose stack     at EventEmitter.emit (events.js:191:7)
14 verbose stack     at ChildProcess.<anonymous> (/usr/local/lib/node_modules/npm/lib/utils/spawn.js:40:14)
14 verbose stack     at emitTwo (events.js:106:13)
14 verbose stack     at ChildProcess.emit (events.js:191:7)
14 verbose stack     at maybeClose (internal/child_process.js:877:16)
14 verbose stack     at Process.ChildProcess._handle.onexit (internal/child_process.js:226:5)
15 verbose pkgid box-node-express-skeleton-app@1.0.0
16 verbose cwd /Users/mmitchell/Development/box-industries-skeleton
17 error Darwin 15.6.0
18 error argv "/usr/local/bin/node" "/usr/local/bin/npm" "run" "dev-start"
19 error node v6.9.3
20 error npm  v3.10.10
21 error code ELIFECYCLE
22 error box-node-express-skeleton-app@1.0.0 dev-start: `gulp develop`
22 error Exit status 1
23 error Failed at the box-node-express-skeleton-app@1.0.0 dev-start script 'gulp develop'.
23 error Make sure you have the latest version of node.js and npm installed.
23 error If you do, this is most likely a problem with the box-node-express-skeleton-app package,
23 error not with npm itself.
23 error Tell the author that this fails on your system:
23 error     gulp develop
23 error You can get information on how to open an issue for this project with:
23 error     npm bugs box-node-express-skeleton-app
23 error Or if that isn't available, you can get their info via:
23 error     npm owner ls box-node-express-skeleton-app
23 error There is likely additional logging output above.
24 verbose exit [ 1, true ]
